<?xml version="1.0" encoding="UTF-8"?>
<!-- Generated by org.testng.reporters.JUnitXMLReporter -->
<testsuite ignored="0" hostname="DESKTOP-KN2Q89G" failures="0" tests="27" name="GPN Test" time="35.926" errors="0" timestamp="2023-09-22T08:21:04 IST">
  <testcase classname="com.GPN.TestCase.Testcase0001" name="VisiblityOfHomeButton" time="7.8"/>
  <testcase classname="com.GPN.TestCase.Testcase0001" name="VisiblityOfSearchbar" time="0.098"/>
  <testcase classname="com.GPN.TestCase.Testcase001" name="VisiblityOfHomeButton" time="3.076"/>
  <testcase classname="com.GPN.TestCase.Testcase001" name="VisiblityOfBeepProcessMode" time="0.052"/>
  <testcase classname="com.GPN.TestCase.Testcase001" name="VisiblityOfQRScanner" time="0.052"/>
  <testcase classname="com.GPN.TestCase.Testcase001" name="VisiblityOfSearchbar" time="0.039"/>
  <testcase classname="com.GPN.TestCase.Testcase001" name="VisiblityOfCancelSearch" time="0.047"/>
  <testcase classname="com.GPN.TestCase.Testcase001" name="VisiblityOfAdvanceSearch" time="0.043"/>
  <testcase classname="com.GPN.TestCase.Testcase001" name="VisiblityOfSearchButton" time="0.049"/>
  <testcase classname="com.GPN.TestCase.Testcase001" name="VisiblityOfFromDate" time="0.042"/>
  <testcase classname="com.GPN.TestCase.Testcase001" name="VisiblityOfToDate" time="0.044"/>
  <testcase classname="com.GPN.TestCase.Testcase001" name="VisiblityOfDateFilter" time="0.045"/>
  <testcase classname="com.GPN.TestCase.Testcase001" name="VisiblityofGPNModes" time="0.043"/>
  <testcase classname="com.GPN.TestCase.Testcase001" name="VisiblityofBulletinBoard" time="0.049"/>
  <testcase classname="com.GPN.TestCase.Testcase001" name="VisiblityofAddMO" time="0.051"/>
  <testcase classname="com.GPN.TestCase.Testcase001" name="VisiblityofDeleteMO" time="0.051"/>
  <testcase classname="com.GPN.TestCase.Testcase001" name="VisiblityofAlfaDOCK_Setting" time="0.048"/>
  <testcase classname="com.GPN.TestCase.Testcase001" name="VisiblityofGPN_Options" time="0.043"/>
  <testcase classname="com.GPN.TestCase.Testcase001" name="VisiblityofAddBulletIn" time="0.042"/>
  <testcase classname="com.GPN.TestCase.Testcase001" name="VisiblityofAI_Report" time="0.046"/>
  <testcase classname="com.GPN.TestCase.Testcase001" name="VisiblityofProcessStatusFilter" time="0.05"/>
  <testcase classname="com.GPN.TestCase.Testcase001" name="VisiblityofSorting" time="0.043"/>
  <testcase classname="com.GPN.TestCase.Testcase001" name="VisiblityofView" time="0.046"/>
  <testcase classname="com.GPN.TestCase.Testcase001" name="VisiblityofExpandCollapseMO" time="0.043"/>
  <testcase classname="com.GPN.TestCase.Testcase001" name="VisiblityofShowHideCalaender" time="0.051"/>
  <testcase classname="com.GPN.TestCase.Testcase001" name="VisiblityofDownlaodCSV" time="0.04"/>
  <testcase classname="com.GPN.TestCase.Testcase001" name="VisiblityofPriority" time="0.043"/>
</testsuite> <!-- GPN Test -->
