<?xml version="1.0" encoding="UTF-8"?>
<!-- Generated by org.testng.reporters.JUnitXMLReporter -->
<testsuite ignored="0" hostname="DESKTOP-C0IB5M9" failures="0" tests="27" name="GPN Test" time="74.089" errors="0" timestamp="2023-08-28T06:51:23 IST">
  <testcase classname="com.GPN.TestCase.Testcase0001" name="VisiblityOfHomeButton" time="7.776"/>
  <testcase classname="com.GPN.TestCase.Testcase0001" name="VisiblityOfSearchbar" time="0.138"/>
  <testcase classname="com.GPN.TestCase.Testcase001" name="VisiblityOfHomeButton" time="3.066"/>
  <testcase classname="com.GPN.TestCase.Testcase001" name="VisiblityOfBeepProcessMode" time="0.047"/>
  <testcase classname="com.GPN.TestCase.Testcase001" name="VisiblityOfQRScanner" time="0.063"/>
  <testcase classname="com.GPN.TestCase.Testcase001" name="VisiblityOfSearchbar" time="0.066"/>
  <testcase classname="com.GPN.TestCase.Testcase001" name="VisiblityOfCancelSearch" time="0.07"/>
  <testcase classname="com.GPN.TestCase.Testcase001" name="VisiblityOfAdvanceSearch" time="0.063"/>
  <testcase classname="com.GPN.TestCase.Testcase001" name="VisiblityOfSearchButton" time="0.064"/>
  <testcase classname="com.GPN.TestCase.Testcase001" name="VisiblityOfFromDate" time="0.037"/>
  <testcase classname="com.GPN.TestCase.Testcase001" name="VisiblityOfToDate" time="0.041"/>
  <testcase classname="com.GPN.TestCase.Testcase001" name="VisiblityOfDateFilter" time="0.05"/>
  <testcase classname="com.GPN.TestCase.Testcase001" name="VisiblityofGPNModes" time="0.035"/>
  <testcase classname="com.GPN.TestCase.Testcase001" name="VisiblityofBulletinBoard" time="0.039"/>
  <testcase classname="com.GPN.TestCase.Testcase001" name="VisiblityofAddMO" time="0.034"/>
  <testcase classname="com.GPN.TestCase.Testcase001" name="VisiblityofDeleteMO" time="0.028"/>
  <testcase classname="com.GPN.TestCase.Testcase001" name="VisiblityofAlfaDOCK_Setting" time="0.042"/>
  <testcase classname="com.GPN.TestCase.Testcase001" name="VisiblityofGPN_Options" time="0.027"/>
  <testcase classname="com.GPN.TestCase.Testcase001" name="VisiblityofAddBulletIn" time="0.027"/>
  <testcase classname="com.GPN.TestCase.Testcase001" name="VisiblityofAI_Report" time="0.03"/>
  <testcase classname="com.GPN.TestCase.Testcase001" name="VisiblityofProcessStatusFilter" time="0.039"/>
  <testcase classname="com.GPN.TestCase.Testcase001" name="VisiblityofSorting" time="0.027"/>
  <testcase classname="com.GPN.TestCase.Testcase001" name="VisiblityofView" time="0.035"/>
  <testcase classname="com.GPN.TestCase.Testcase001" name="VisiblityofExpandCollapseMO" time="0.031"/>
  <testcase classname="com.GPN.TestCase.Testcase001" name="VisiblityofShowHideCalaender" time="0.035"/>
  <testcase classname="com.GPN.TestCase.Testcase001" name="VisiblityofDownlaodCSV" time="0.055"/>
  <testcase classname="com.GPN.TestCase.Testcase001" name="VisiblityofPriority" time="0.043"/>
</testsuite> <!-- GPN Test -->
