<?xml version="1.0" encoding="UTF-8"?>
<testng-results ignored="0" total="1" passed="1" failed="0" skipped="0">
  <reporter-output>
  </reporter-output>
  <suite started-at="2023-08-27T15:05:30 IST" name="GPN" finished-at="2023-08-27T15:05:54 IST" duration-ms="23965">
    <groups>
    </groups>
    <test started-at="2023-08-27T15:05:30 IST" name="GPN Test" finished-at="2023-08-27T15:05:54 IST" duration-ms="23965">
      <class name="com.GPN.TestCase.Testcase001">
        <test-method is-config="true" signature="setup(java.lang.String)[pri:0, instance:com.GPN.TestCase.Testcase001@175c2241]" started-at="2023-08-27T15:05:31 IST" name="setup" finished-at="2023-08-27T15:05:47 IST" duration-ms="16044" status="PASS">
          <params>
            <param index="0">
              <value>
                <![CDATA[chrome]]>
              </value>
            </param>
          </params>
          <reporter-output>
          </reporter-output>
        </test-method> <!-- setup -->
        <test-method signature="VisiblityOfHomeButton()[pri:0, instance:com.GPN.TestCase.Testcase001@175c2241]" started-at="2023-08-27T15:05:47 IST" name="VisiblityOfHomeButton" finished-at="2023-08-27T15:05:54 IST" duration-ms="7585" status="PASS">
          <reporter-output>
          </reporter-output>
        </test-method> <!-- VisiblityOfHomeButton -->
        <test-method is-config="true" signature="teardown()[pri:0, instance:com.GPN.TestCase.Testcase001@175c2241]" started-at="2023-08-27T15:05:54 IST" name="teardown" finished-at="2023-08-27T15:05:54 IST" duration-ms="274" status="PASS">
          <reporter-output>
          </reporter-output>
        </test-method> <!-- teardown -->
      </class> <!-- com.GPN.TestCase.Testcase001 -->
    </test> <!-- GPN Test -->
  </suite> <!-- GPN -->
</testng-results>
