<?xml version="1.0" encoding="UTF-8"?>
<testng-results ignored="0" total="27" passed="27" failed="0" skipped="0">
  <reporter-output>
  </reporter-output>
  <suite started-at="2023-08-28T06:50:09 IST" name="GPN" finished-at="2023-08-28T06:51:23 IST" duration-ms="74089">
    <groups>
    </groups>
    <test started-at="2023-08-28T06:50:09 IST" name="GPN Test" finished-at="2023-08-28T06:51:23 IST" duration-ms="74089">
      <class name="com.GPN.TestCase.Testcase001">
        <test-method is-config="true" signature="setup(java.lang.String)[pri:0, instance:com.GPN.TestCase.Testcase001@394a2528]" started-at="2023-08-28T06:50:53 IST" name="setup" finished-at="2023-08-28T06:51:16 IST" duration-ms="22474" status="PASS">
          <params>
            <param index="0">
              <value>
                <![CDATA[Firefox]]>
              </value>
            </param>
          </params>
          <reporter-output>
          </reporter-output>
        </test-method> <!-- setup -->
        <test-method signature="VisiblityOfHomeButton()[pri:0, instance:com.GPN.TestCase.Testcase001@394a2528]" started-at="2023-08-28T06:51:16 IST" name="VisiblityOfHomeButton" finished-at="2023-08-28T06:51:19 IST" duration-ms="3066" status="PASS">
          <reporter-output>
          </reporter-output>
        </test-method> <!-- VisiblityOfHomeButton -->
        <test-method signature="VisiblityOfBeepProcessMode()[pri:1, instance:com.GPN.TestCase.Testcase001@394a2528]" started-at="2023-08-28T06:51:19 IST" name="VisiblityOfBeepProcessMode" finished-at="2023-08-28T06:51:19 IST" duration-ms="47" status="PASS">
          <reporter-output>
          </reporter-output>
        </test-method> <!-- VisiblityOfBeepProcessMode -->
        <test-method signature="VisiblityOfQRScanner()[pri:2, instance:com.GPN.TestCase.Testcase001@394a2528]" started-at="2023-08-28T06:51:19 IST" name="VisiblityOfQRScanner" finished-at="2023-08-28T06:51:19 IST" duration-ms="63" status="PASS">
          <reporter-output>
          </reporter-output>
        </test-method> <!-- VisiblityOfQRScanner -->
        <test-method signature="VisiblityOfSearchbar()[pri:3, instance:com.GPN.TestCase.Testcase001@394a2528]" started-at="2023-08-28T06:51:19 IST" name="VisiblityOfSearchbar" finished-at="2023-08-28T06:51:19 IST" duration-ms="66" status="PASS">
          <reporter-output>
          </reporter-output>
        </test-method> <!-- VisiblityOfSearchbar -->
        <test-method signature="VisiblityOfCancelSearch()[pri:4, instance:com.GPN.TestCase.Testcase001@394a2528]" started-at="2023-08-28T06:51:19 IST" name="VisiblityOfCancelSearch" finished-at="2023-08-28T06:51:19 IST" duration-ms="70" status="PASS">
          <reporter-output>
          </reporter-output>
        </test-method> <!-- VisiblityOfCancelSearch -->
        <test-method signature="VisiblityOfAdvanceSearch()[pri:5, instance:com.GPN.TestCase.Testcase001@394a2528]" started-at="2023-08-28T06:51:19 IST" name="VisiblityOfAdvanceSearch" finished-at="2023-08-28T06:51:19 IST" duration-ms="63" status="PASS">
          <reporter-output>
          </reporter-output>
        </test-method> <!-- VisiblityOfAdvanceSearch -->
        <test-method signature="VisiblityOfSearchButton()[pri:6, instance:com.GPN.TestCase.Testcase001@394a2528]" started-at="2023-08-28T06:51:19 IST" name="VisiblityOfSearchButton" finished-at="2023-08-28T06:51:19 IST" duration-ms="64" status="PASS">
          <reporter-output>
          </reporter-output>
        </test-method> <!-- VisiblityOfSearchButton -->
        <test-method signature="VisiblityOfFromDate()[pri:7, instance:com.GPN.TestCase.Testcase001@394a2528]" started-at="2023-08-28T06:51:19 IST" name="VisiblityOfFromDate" finished-at="2023-08-28T06:51:19 IST" duration-ms="37" status="PASS">
          <reporter-output>
          </reporter-output>
        </test-method> <!-- VisiblityOfFromDate -->
        <test-method signature="VisiblityOfToDate()[pri:8, instance:com.GPN.TestCase.Testcase001@394a2528]" started-at="2023-08-28T06:51:19 IST" name="VisiblityOfToDate" finished-at="2023-08-28T06:51:19 IST" duration-ms="41" status="PASS">
          <reporter-output>
          </reporter-output>
        </test-method> <!-- VisiblityOfToDate -->
        <test-method signature="VisiblityOfDateFilter()[pri:9, instance:com.GPN.TestCase.Testcase001@394a2528]" started-at="2023-08-28T06:51:19 IST" name="VisiblityOfDateFilter" finished-at="2023-08-28T06:51:19 IST" duration-ms="50" status="PASS">
          <reporter-output>
          </reporter-output>
        </test-method> <!-- VisiblityOfDateFilter -->
        <test-method signature="VisiblityofGPNModes()[pri:10, instance:com.GPN.TestCase.Testcase001@394a2528]" started-at="2023-08-28T06:51:19 IST" name="VisiblityofGPNModes" finished-at="2023-08-28T06:51:19 IST" duration-ms="35" status="PASS">
          <reporter-output>
          </reporter-output>
        </test-method> <!-- VisiblityofGPNModes -->
        <test-method signature="VisiblityofBulletinBoard()[pri:11, instance:com.GPN.TestCase.Testcase001@394a2528]" started-at="2023-08-28T06:51:19 IST" name="VisiblityofBulletinBoard" finished-at="2023-08-28T06:51:19 IST" duration-ms="39" status="PASS">
          <reporter-output>
          </reporter-output>
        </test-method> <!-- VisiblityofBulletinBoard -->
        <test-method signature="VisiblityofAddMO()[pri:12, instance:com.GPN.TestCase.Testcase001@394a2528]" started-at="2023-08-28T06:51:19 IST" name="VisiblityofAddMO" finished-at="2023-08-28T06:51:19 IST" duration-ms="34" status="PASS">
          <reporter-output>
          </reporter-output>
        </test-method> <!-- VisiblityofAddMO -->
        <test-method signature="VisiblityofDeleteMO()[pri:13, instance:com.GPN.TestCase.Testcase001@394a2528]" started-at="2023-08-28T06:51:19 IST" name="VisiblityofDeleteMO" finished-at="2023-08-28T06:51:19 IST" duration-ms="28" status="PASS">
          <reporter-output>
          </reporter-output>
        </test-method> <!-- VisiblityofDeleteMO -->
        <test-method signature="VisiblityofAlfaDOCK_Setting()[pri:14, instance:com.GPN.TestCase.Testcase001@394a2528]" started-at="2023-08-28T06:51:19 IST" name="VisiblityofAlfaDOCK_Setting" finished-at="2023-08-28T06:51:19 IST" duration-ms="42" status="PASS">
          <reporter-output>
          </reporter-output>
        </test-method> <!-- VisiblityofAlfaDOCK_Setting -->
        <test-method signature="VisiblityofGPN_Options()[pri:15, instance:com.GPN.TestCase.Testcase001@394a2528]" started-at="2023-08-28T06:51:19 IST" name="VisiblityofGPN_Options" finished-at="2023-08-28T06:51:19 IST" duration-ms="27" status="PASS">
          <reporter-output>
          </reporter-output>
        </test-method> <!-- VisiblityofGPN_Options -->
        <test-method signature="VisiblityofAddBulletIn()[pri:16, instance:com.GPN.TestCase.Testcase001@394a2528]" started-at="2023-08-28T06:51:19 IST" name="VisiblityofAddBulletIn" finished-at="2023-08-28T06:51:19 IST" duration-ms="27" status="PASS">
          <reporter-output>
          </reporter-output>
        </test-method> <!-- VisiblityofAddBulletIn -->
        <test-method signature="VisiblityofAI_Report()[pri:17, instance:com.GPN.TestCase.Testcase001@394a2528]" started-at="2023-08-28T06:51:19 IST" name="VisiblityofAI_Report" finished-at="2023-08-28T06:51:20 IST" duration-ms="30" status="PASS">
          <reporter-output>
          </reporter-output>
        </test-method> <!-- VisiblityofAI_Report -->
        <test-method signature="VisiblityofProcessStatusFilter()[pri:18, instance:com.GPN.TestCase.Testcase001@394a2528]" started-at="2023-08-28T06:51:20 IST" name="VisiblityofProcessStatusFilter" finished-at="2023-08-28T06:51:20 IST" duration-ms="39" status="PASS">
          <reporter-output>
          </reporter-output>
        </test-method> <!-- VisiblityofProcessStatusFilter -->
        <test-method signature="VisiblityofSorting()[pri:19, instance:com.GPN.TestCase.Testcase001@394a2528]" started-at="2023-08-28T06:51:20 IST" name="VisiblityofSorting" finished-at="2023-08-28T06:51:20 IST" duration-ms="27" status="PASS">
          <reporter-output>
          </reporter-output>
        </test-method> <!-- VisiblityofSorting -->
        <test-method signature="VisiblityofView()[pri:20, instance:com.GPN.TestCase.Testcase001@394a2528]" started-at="2023-08-28T06:51:20 IST" name="VisiblityofView" finished-at="2023-08-28T06:51:20 IST" duration-ms="35" status="PASS">
          <reporter-output>
          </reporter-output>
        </test-method> <!-- VisiblityofView -->
        <test-method signature="VisiblityofExpandCollapseMO()[pri:21, instance:com.GPN.TestCase.Testcase001@394a2528]" started-at="2023-08-28T06:51:20 IST" name="VisiblityofExpandCollapseMO" finished-at="2023-08-28T06:51:20 IST" duration-ms="31" status="PASS">
          <reporter-output>
          </reporter-output>
        </test-method> <!-- VisiblityofExpandCollapseMO -->
        <test-method signature="VisiblityofShowHideCalaender()[pri:22, instance:com.GPN.TestCase.Testcase001@394a2528]" started-at="2023-08-28T06:51:20 IST" name="VisiblityofShowHideCalaender" finished-at="2023-08-28T06:51:20 IST" duration-ms="35" status="PASS">
          <reporter-output>
          </reporter-output>
        </test-method> <!-- VisiblityofShowHideCalaender -->
        <test-method signature="VisiblityofDownlaodCSV()[pri:23, instance:com.GPN.TestCase.Testcase001@394a2528]" started-at="2023-08-28T06:51:20 IST" name="VisiblityofDownlaodCSV" finished-at="2023-08-28T06:51:20 IST" duration-ms="55" status="PASS">
          <reporter-output>
          </reporter-output>
        </test-method> <!-- VisiblityofDownlaodCSV -->
        <test-method signature="VisiblityofPriority()[pri:24, instance:com.GPN.TestCase.Testcase001@394a2528]" started-at="2023-08-28T06:51:20 IST" name="VisiblityofPriority" finished-at="2023-08-28T06:51:20 IST" duration-ms="43" status="PASS">
          <reporter-output>
          </reporter-output>
        </test-method> <!-- VisiblityofPriority -->
        <test-method is-config="true" signature="teardown()[pri:0, instance:com.GPN.TestCase.Testcase001@394a2528]" started-at="2023-08-28T06:51:20 IST" name="teardown" finished-at="2023-08-28T06:51:23 IST" duration-ms="3094" status="PASS">
          <reporter-output>
          </reporter-output>
        </test-method> <!-- teardown -->
      </class> <!-- com.GPN.TestCase.Testcase001 -->
      <class name="com.GPN.TestCase.Testcase0001">
        <test-method is-config="true" signature="setup(java.lang.String)[pri:0, instance:com.GPN.TestCase.Testcase0001@1573f9fc]" started-at="2023-08-28T06:50:09 IST" name="setup" finished-at="2023-08-28T06:50:42 IST" duration-ms="33149" status="PASS">
          <params>
            <param index="0">
              <value>
                <![CDATA[Firefox]]>
              </value>
            </param>
          </params>
          <reporter-output>
          </reporter-output>
        </test-method> <!-- setup -->
        <test-method signature="VisiblityOfHomeButton()[pri:0, instance:com.GPN.TestCase.Testcase0001@1573f9fc]" started-at="2023-08-28T06:50:42 IST" name="VisiblityOfHomeButton" finished-at="2023-08-28T06:50:50 IST" duration-ms="7776" status="PASS">
          <reporter-output>
          </reporter-output>
        </test-method> <!-- VisiblityOfHomeButton -->
        <test-method signature="VisiblityOfSearchbar()[pri:3, instance:com.GPN.TestCase.Testcase0001@1573f9fc]" started-at="2023-08-28T06:50:50 IST" name="VisiblityOfSearchbar" finished-at="2023-08-28T06:50:50 IST" duration-ms="138" status="PASS">
          <reporter-output>
          </reporter-output>
        </test-method> <!-- VisiblityOfSearchbar -->
        <test-method is-config="true" signature="teardown()[pri:0, instance:com.GPN.TestCase.Testcase0001@1573f9fc]" started-at="2023-08-28T06:50:50 IST" name="teardown" finished-at="2023-08-28T06:50:53 IST" duration-ms="2764" status="PASS">
          <reporter-output>
          </reporter-output>
        </test-method> <!-- teardown -->
      </class> <!-- com.GPN.TestCase.Testcase0001 -->
    </test> <!-- GPN Test -->
  </suite> <!-- GPN -->
</testng-results>
